v2SurveyorNS/platforms/android/build/outputs/logs/manifest-merger-F0-F1-release-report.txt
-- Merging decision tree log ---
manifest
ADDED from src\main\AndroidManifest.xml:2:1-58:12
	package
		ADDED from src\main\AndroidManifest.xml:3:2-35
		INJECTED from src\main\AndroidManifest.xml
		INJECTED from src\main\AndroidManifest.xml
	android:versionName
		ADDED from src\main\AndroidManifest.xml:5:2-27
		INJECTED from src\main\AndroidManifest.xml
		INJECTED from src\main\AndroidManifest.xml
	android:versionCode
		ADDED from src\main\AndroidManifest.xml:4:2-25
		INJECTED from src\main\AndroidManifest.xml
		INJECTED from src\main\AndroidManifest.xml
	xmlns:android
		ADDED from src\main\AndroidManifest.xml:2:11-69
supports-screens
ADDED from src\main\AndroidManifest.xml:7:2-11:33
	android:largeScreens
		ADDED from src\main\AndroidManifest.xml:10:3-30
	android:smallScreens
		ADDED from src\main\AndroidManifest.xml:8:3-30
	android:normalScreens
		ADDED from src\main\AndroidManifest.xml:9:3-31
	android:xlargeScreens
		ADDED from src\main\AndroidManifest.xml:11:3-31
uses-sdk
ADDED from src\main\AndroidManifest.xml:13:2-15:34
MERGED from [com.android.support:appcompat-v7:25.3.1] AndroidManifest.xml:21:5-23:78
MERGED from [com.android.support:animated-vector-drawable:25.3.1] AndroidManifest.xml:20:5-44
MERGED from [com.android.support:support-vector-drawable:25.3.1] AndroidManifest.xml:20:5-43
MERGED from [v2SurveyorNS:runtime:unspecified] AndroidManifest.xml:7:5-9:41
MERGED from [com.mukesh:photofilter:1.0.0] AndroidManifest.xml:7:5-9:41
MERGED from [com.android.support:support-v4:25.3.1] AndroidManifest.xml:21:5-23:54
MERGED from [com.android.support:support-fragment:25.3.1] AndroidManifest.xml:21:5-23:60
MERGED from [com.android.support:support-media-compat:25.3.1] AndroidManifest.xml:21:5-23:63
MERGED from [com.android.support:support-core-ui:25.3.1] AndroidManifest.xml:21:5-23:58
MERGED from [com.android.support:support-core-utils:25.3.1] AndroidManifest.xml:21:5-23:61
MERGED from [com.android.support:support-compat:25.3.1] AndroidManifest.xml:21:5-23:58
MERGED from [:widgets-release:] AndroidManifest.xml:7:5-9:41
	tools:overrideLibrary
		ADDED from [com.android.support:appcompat-v7:25.3.1] AndroidManifest.xml:23:9-75
	android:targetSdkVersion
		ADDED from src\main\AndroidManifest.xml:15:3-32
		INJECTED from src\main\AndroidManifest.xml
		INJECTED from src\main\AndroidManifest.xml
	android:minSdkVersion
		ADDED from src\main\AndroidManifest.xml:14:3-29
		INJECTED from src\main\AndroidManifest.xml
		INJECTED from src\main\AndroidManifest.xml
uses-permission#android.permission.CAMERA
ADDED from src\main\AndroidManifest.xml:17:2-62
	android:name
		ADDED from src\main\AndroidManifest.xml:17:19-59
uses-permission#android.permission.WRITE_EXTERNAL_STORAGE
ADDED from src\main\AndroidManifest.xml:18:2-78
	android:name
		ADDED from src\main\AndroidManifest.xml:18:19-75
uses-permission#android.permission.RECORD_AUDIO
ADDED from src\main\AndroidManifest.xml:19:2-68
	android:name
		ADDED from src\main\AndroidManifest.xml:19:19-65
uses-permission#android.permission.ACCESS_FINE_LOCATION
ADDED from src\main\AndroidManifest.xml:20:2-76
	android:name
		ADDED from src\main\AndroidManifest.xml:20:19-73
uses-feature#android.hardware.camera.autofocus
ADDED from src\main\AndroidManifest.xml:22:2-66
	android:name
		ADDED from src\main\AndroidManifest.xml:22:16-64
uses-feature#android.hardware.camera.front
ADDED from src\main\AndroidManifest.xml:23:2-62
	android:name
		ADDED from src\main\AndroidManifest.xml:23:16-60
uses-feature#android.hardware.camera.front.autofocus
ADDED from src\main\AndroidManifest.xml:24:2-72
	android:name
		ADDED from src\main\AndroidManifest.xml:24:16-70
uses-feature#android.hardware.location.gps
ADDED from src\main\AndroidManifest.xml:25:2-63
	android:name
		ADDED from src\main\AndroidManifest.xml:25:16-60
uses-feature#android.hardware.sensor.gyroscope
ADDED from src\main\AndroidManifest.xml:26:2-28:30
	android:required
		ADDED from src\main\AndroidManifest.xml:28:4-27
	android:name
		ADDED from src\main\AndroidManifest.xml:27:4-52
uses-feature#android.hardware.sensor.accelerometer
ADDED from src\main\AndroidManifest.xml:29:3-31:30
	android:required
		ADDED from src\main\AndroidManifest.xml:31:4-27
	android:name
		ADDED from src\main\AndroidManifest.xml:30:4-56
uses-feature#android.hardware.camera
ADDED from src\main\AndroidManifest.xml:32:2-34:30
	android:required
		ADDED from src\main\AndroidManifest.xml:34:4-27
	android:name
		ADDED from src\main\AndroidManifest.xml:33:4-42
application
ADDED from src\main\AndroidManifest.xml:36:2-57:16
MERGED from [com.android.support:appcompat-v7:25.3.1] AndroidManifest.xml:29:5-20
MERGED from [com.android.support:animated-vector-drawable:25.3.1] AndroidManifest.xml:26:5-20
MERGED from [com.android.support:support-vector-drawable:25.3.1] AndroidManifest.xml:26:5-20
MERGED from [com.mukesh:photofilter:1.0.0] AndroidManifest.xml:11:5-15:19
MERGED from [com.android.support:support-v4:25.3.1] AndroidManifest.xml:29:5-20
MERGED from [com.android.support:support-fragment:25.3.1] AndroidManifest.xml:29:5-20
MERGED from [com.android.support:support-media-compat:25.3.1] AndroidManifest.xml:29:5-20
MERGED from [com.android.support:support-core-ui:25.3.1] AndroidManifest.xml:29:5-20
MERGED from [com.android.support:support-core-utils:25.3.1] AndroidManifest.xml:29:5-20
MERGED from [com.android.support:support-compat:25.3.1] AndroidManifest.xml:29:5-20
MERGED from [:widgets-release:] AndroidManifest.xml:11:5-12:19
	android:label
		ADDED from src\main\AndroidManifest.xml:40:3-35
	android:supportsRtl
		ADDED from [com.mukesh:photofilter:1.0.0] AndroidManifest.xml:14:9-35
	android:allowBackup
		ADDED from src\main\AndroidManifest.xml:38:3-29
	android:icon
		ADDED from src\main\AndroidManifest.xml:39:3-32
	android:theme
		ADDED from src\main\AndroidManifest.xml:41:3-34
	android:name
		ADDED from src\main\AndroidManifest.xml:37:3-49
activity#com.tns.NativeScriptActivity
ADDED from src\main\AndroidManifest.xml:43:3-55:14
	android:label
		ADDED from src\main\AndroidManifest.xml:45:4-49
	android:configChanges
		ADDED from src\main\AndroidManifest.xml:46:4-53
	android:theme
		ADDED from src\main\AndroidManifest.xml:47:4-44
	android:name
		ADDED from src\main\AndroidManifest.xml:44:4-47
meta-data#SET_THEME_ON_LAUNCH
ADDED from src\main\AndroidManifest.xml:49:4-87
	android:resource
		ADDED from src\main\AndroidManifest.xml:49:50-84
	android:name
		ADDED from src\main\AndroidManifest.xml:49:15-49
intent-filter#android.intent.action.MAIN+android.intent.category.LAUNCHER
ADDED from src\main\AndroidManifest.xml:51:4-54:20
action#android.intent.action.MAIN
ADDED from src\main\AndroidManifest.xml:52:5-57
	android:name
		ADDED from src\main\AndroidManifest.xml:52:13-54
category#android.intent.category.LAUNCHER
ADDED from src\main\AndroidManifest.xml:53:5-65
	android:name
		ADDED from src\main\AndroidManifest.xml:53:15-62
activity#com.tns.ErrorReportActivity
ADDED from src\main\AndroidManifest.xml:56:3-57
	android:name
		ADDED from src\main\AndroidManifest.xml:56:13-55
meta-data#android.support.VERSION
ADDED from [com.android.support:appcompat-v7:25.3.1] AndroidManifest.xml:25:5-27:34
MERGED from [com.android.support:animated-vector-drawable:25.3.1] AndroidManifest.xml:22:5-24:34
MERGED from [com.android.support:support-vector-drawable:25.3.1] AndroidManifest.xml:22:5-24:34
MERGED from [com.android.support:support-v4:25.3.1] AndroidManifest.xml:25:5-27:34
MERGED from [com.android.support:support-fragment:25.3.1] AndroidManifest.xml:25:5-27:34
MERGED from [com.android.support:support-media-compat:25.3.1] AndroidManifest.xml:25:5-27:34
MERGED from [com.android.support:support-core-ui:25.3.1] AndroidManifest.xml:25:5-27:34
MERGED from [com.android.support:support-core-utils:25.3.1] AndroidManifest.xml:25:5-27:34
MERGED from [com.android.support:support-compat:25.3.1] AndroidManifest.xml:25:5-27:34
	android:value
		ADDED from [com.android.support:appcompat-v7:25.3.1] AndroidManifest.xml:27:9-31
	android:name
		ADDED from [com.android.support:appcompat-v7:25.3.1] AndroidManifest.xml:26:9-47